<?xml version="1.0" encoding="UTF-8"?>
<testng-results ignored="0" total="10" passed="10" failed="0" skipped="0">
  <reporter-output>
  </reporter-output>
  <suite started-at="2022-05-23T11:08:38 IST" name="Default suite" finished-at="2022-05-23T11:09:16 IST" duration-ms="38420">
    <groups>
    </groups>
    <test started-at="2022-05-23T11:08:38 IST" name="Default test" finished-at="2022-05-23T11:09:16 IST" duration-ms="38420">
      <class name="Hybrid.logincrm">
        <test-method is-config="true" signature="setupsuite()[pri:0, instance:Hybrid.logincrm@6cd28fa7]" started-at="2022-05-23T11:08:38 IST" name="setupsuite" finished-at="2022-05-23T11:08:38 IST" duration-ms="8" status="PASS">
          <reporter-output>
          </reporter-output>
        </test-method> <!-- setupsuite -->
        <test-method is-config="true" signature="voidsetup()[pri:0, instance:Hybrid.logincrm@6cd28fa7]" started-at="2022-05-23T11:08:38 IST" name="voidsetup" finished-at="2022-05-23T11:08:44 IST" duration-ms="5958" status="PASS">
          <reporter-output>
          </reporter-output>
        </test-method> <!-- voidsetup -->
        <test-method signature="loginApp()[pri:1, instance:Hybrid.logincrm@6cd28fa7]" started-at="2022-05-23T11:08:44 IST" name="loginApp" finished-at="2022-05-23T11:08:48 IST" duration-ms="4491" status="PASS">
          <reporter-output>
          </reporter-output>
        </test-method> <!-- loginApp -->
        <test-method signature="signupapp()[pri:2, instance:Hybrid.logincrm@6cd28fa7]" started-at="2022-05-23T11:08:48 IST" name="signupapp" finished-at="2022-05-23T11:08:56 IST" duration-ms="7309" status="PASS">
          <reporter-output>
          </reporter-output>
        </test-method> <!-- signupapp -->
        <test-method signature="searchupapp()[pri:3, instance:Hybrid.logincrm@6cd28fa7]" started-at="2022-05-23T11:08:56 IST" name="searchupapp" finished-at="2022-05-23T11:08:59 IST" duration-ms="3358" status="PASS">
          <reporter-output>
          </reporter-output>
        </test-method> <!-- searchupapp -->
        <test-method signature="Bedapp()[pri:4, instance:Hybrid.logincrm@6cd28fa7]" started-at="2022-05-23T11:08:59 IST" name="Bedapp" finished-at="2022-05-23T11:09:06 IST" duration-ms="7317" status="PASS">
          <reporter-output>
          </reporter-output>
        </test-method> <!-- Bedapp -->
        <test-method signature="Bedappcart()[pri:5, instance:Hybrid.logincrm@6cd28fa7]" started-at="2022-05-23T11:09:06 IST" name="Bedappcart" finished-at="2022-05-23T11:09:09 IST" duration-ms="3030" status="PASS">
          <reporter-output>
          </reporter-output>
        </test-method> <!-- Bedappcart -->
        <test-method signature="assertionaa()[pri:6, instance:Hybrid.logincrm@6cd28fa7]" started-at="2022-05-23T11:09:09 IST" name="assertionaa" finished-at="2022-05-23T11:09:11 IST" duration-ms="1809" status="PASS">
          <reporter-output>
          </reporter-output>
        </test-method> <!-- assertionaa -->
        <test-method signature="tvappcart()[pri:7, instance:Hybrid.logincrm@6cd28fa7]" started-at="2022-05-23T11:09:11 IST" name="tvappcart" finished-at="2022-05-23T11:09:13 IST" duration-ms="1587" status="PASS">
          <reporter-output>
          </reporter-output>
        </test-method> <!-- tvappcart -->
        <test-method signature="studyapp()[pri:8, instance:Hybrid.logincrm@6cd28fa7]" started-at="2022-05-23T11:09:13 IST" name="studyapp" finished-at="2022-05-23T11:09:15 IST" duration-ms="2130" status="PASS">
          <reporter-output>
          </reporter-output>
        </test-method> <!-- studyapp -->
        <test-method signature="aboutapp()[pri:9, instance:Hybrid.logincrm@6cd28fa7]" started-at="2022-05-23T11:09:15 IST" name="aboutapp" finished-at="2022-05-23T11:09:16 IST" duration-ms="553" status="PASS">
          <reporter-output>
          </reporter-output>
        </test-method> <!-- aboutapp -->
        <test-method signature="infoapp()[pri:10, instance:Hybrid.logincrm@6cd28fa7]" started-at="2022-05-23T11:09:16 IST" name="infoapp" finished-at="2022-05-23T11:09:16 IST" duration-ms="414" status="PASS">
          <reporter-output>
          </reporter-output>
        </test-method> <!-- infoapp -->
        <test-method is-config="true" signature="teardown()[pri:0, instance:Hybrid.logincrm@6cd28fa7]" started-at="2022-05-23T11:09:16 IST" name="teardown" finished-at="2022-05-23T11:09:16 IST" duration-ms="413" status="PASS">
          <reporter-output>
          </reporter-output>
        </test-method> <!-- teardown -->
      </class> <!-- Hybrid.logincrm -->
    </test> <!-- Default test -->
  </suite> <!-- Default suite -->
</testng-results>
