<?xml version="1.0" encoding="UTF-8"?>
<!-- Generated by org.testng.reporters.JUnitXMLReporter -->
<testsuite ignored="0" hostname="DESKTOP-5IJHCCQ" failures="0" tests="10" name="Default test" time="38.42" errors="0" timestamp="2022-05-23T11:09:16 IST">
  <testcase classname="Hybrid.logincrm" name="loginApp" time="4.491"/>
  <testcase classname="Hybrid.logincrm" name="signupapp" time="7.309"/>
  <testcase classname="Hybrid.logincrm" name="searchupapp" time="3.358"/>
  <testcase classname="Hybrid.logincrm" name="Bedapp" time="7.317"/>
  <testcase classname="Hybrid.logincrm" name="Bedappcart" time="3.03"/>
  <testcase classname="Hybrid.logincrm" name="assertionaa" time="1.809"/>
  <testcase classname="Hybrid.logincrm" name="tvappcart" time="1.587"/>
  <testcase classname="Hybrid.logincrm" name="studyapp" time="2.13"/>
  <testcase classname="Hybrid.logincrm" name="aboutapp" time="0.553"/>
  <testcase classname="Hybrid.logincrm" name="infoapp" time="0.414"/>
</testsuite> <!-- Default test -->
